<?xml version="1.0" encoding="UTF-8"?>
<!-- Generated by org.testng.reporters.JUnitXMLReporter -->
<testsuite hostname="LAPTOP-37RCSHRT" ignored="0" name="Default test" tests="4" failures="0" timestamp="2020-02-01T15:57:22 IST" time="11.248" errors="0">
  <testcase name="createUser" time="9.072" classname="apitesting.firstapicript"/>
  <testcase name="deleteRecord" time="1.004" classname="apitesting.firstapicript"/>
  <testcase name="getRecords" time="0.153" classname="apitesting.firstapicript"/>
  <testcase name="updateRecord" time="0.962" classname="apitesting.firstapicript"/>
</testsuite> <!-- Default test -->
