<?xml version="1.0" encoding="UTF-8"?>
<!-- Generated by org.testng.reporters.JUnitXMLReporter -->
<testsuite hostname="DERIW42SLPC1327" ignored="0" name="Test" tests="4" failures="0" timestamp="21 Oct 2019 16:26:05 GMT" time="46.582" errors="0">
  <testcase name="loginTest" time="11.144" classname="testScripts.TC_FlightBooking_Login"/>
  <testcase name="logoutTest" time="1.213" classname="testScripts.TC_FlightBooking_Login"/>
  <testcase name="loginTest" time="9.591" classname="testScripts.TC_FlightBooking_LoginWithMultipleDataSets"/>
  <testcase name="loginTest" time="8.192" classname="testScripts.TC_FlightBooking_LoginWithMultipleDataSets"/>
</testsuite> <!-- Test -->
